<?xml version="1.0" encoding="UTF-8"?>
<coverage generated="1765453322226" clover="3.2.0">
  <project timestamp="1765453322227" name="All files">
    <metrics statements="77" coveredstatements="62" conditionals="49" coveredconditionals="26" methods="33" coveredmethods="23" elements="159" coveredelements="111" complexity="0" loc="77" ncloc="77" packages="2" files="3" classes="3"/>
    <package name="components">
      <metrics statements="49" coveredstatements="38" conditionals="35" coveredconditionals="19" methods="18" coveredmethods="11"/>
      <file name="BikeCard.jsx" path="/Users/ahsunallawahidi/bike-shop-webapp/src/components/BikeCard.jsx">
        <metrics statements="9" coveredstatements="8" conditionals="16" coveredconditionals="9" methods="3" coveredmethods="2"/>
        <line num="4" count="4" type="stmt"/>
        <line num="6" count="4" type="stmt"/>
        <line num="7" count="4" type="cond" truecount="2" falsecount="0"/>
        <line num="9" count="4" type="cond" truecount="3" falsecount="1"/>
        <line num="11" count="4" type="stmt"/>
        <line num="13" count="4" type="stmt"/>
        <line num="15" count="0" type="cond" truecount="0" falsecount="2"/>
        <line num="40" count="1" type="stmt"/>
        <line num="41" count="1" type="cond" truecount="1" falsecount="1"/>
      </file>
      <file name="Navbar.jsx" path="/Users/ahsunallawahidi/bike-shop-webapp/src/components/Navbar.jsx">
        <metrics statements="40" coveredstatements="30" conditionals="19" coveredconditionals="10" methods="15" coveredmethods="9"/>
        <line num="8" count="7" type="stmt"/>
        <line num="9" count="7" type="stmt"/>
        <line num="10" count="7" type="stmt"/>
        <line num="12" count="7" type="stmt"/>
        <line num="13" count="7" type="stmt"/>
        <line num="14" count="7" type="stmt"/>
        <line num="17" count="7" type="stmt"/>
        <line num="18" count="4" type="stmt"/>
        <line num="19" count="4" type="cond" truecount="2" falsecount="0"/>
        <line num="20" count="2" type="stmt"/>
        <line num="21" count="2" type="stmt"/>
        <line num="25" count="2" type="stmt"/>
        <line num="31" count="2" type="stmt"/>
        <line num="36" count="2" type="stmt"/>
        <line num="37" count="6" type="cond" truecount="1" falsecount="1"/>
        <line num="38" count="6" type="cond" truecount="1" falsecount="1"/>
        <line num="41" count="4" type="stmt"/>
        <line num="44" count="4" type="stmt"/>
        <line num="48" count="7" type="stmt"/>
        <line num="49" count="2" type="stmt"/>
        <line num="50" count="0" type="cond" truecount="0" falsecount="2"/>
        <line num="51" count="0" type="stmt"/>
        <line num="55" count="2" type="stmt"/>
        <line num="56" count="0" type="cond" truecount="0" falsecount="2"/>
        <line num="57" count="0" type="stmt"/>
        <line num="61" count="2" type="stmt"/>
        <line num="62" count="2" type="stmt"/>
        <line num="64" count="2" type="stmt"/>
        <line num="65" count="2" type="stmt"/>
        <line num="66" count="2" type="stmt"/>
        <line num="71" count="7" type="stmt"/>
        <line num="72" count="0" type="stmt"/>
        <line num="73" count="0" type="stmt"/>
        <line num="75" count="0" type="cond" truecount="0" falsecount="2"/>
        <line num="76" count="0" type="stmt"/>
        <line num="79" count="7" type="stmt"/>
        <line num="99" count="0" type="stmt"/>
        <line num="100" count="2" type="stmt"/>
        <line num="114" count="6" type="stmt"/>
        <line num="116" count="0" type="stmt"/>
      </file>
    </package>
    <package name="context">
      <metrics statements="28" coveredstatements="24" conditionals="14" coveredconditionals="7" methods="15" coveredmethods="12"/>
      <file name="CartContext.jsx" path="/Users/ahsunallawahidi/bike-shop-webapp/src/context/CartContext.jsx">
        <metrics statements="28" coveredstatements="24" conditionals="14" coveredconditionals="7" methods="15" coveredmethods="12"/>
        <line num="3" count="3" type="stmt"/>
        <line num="6" count="15" type="stmt"/>
        <line num="8" count="15" type="stmt"/>
        <line num="9" count="7" type="cond" truecount="1" falsecount="1"/>
        <line num="10" count="7" type="stmt"/>
        <line num="11" count="7" type="cond" truecount="2" falsecount="0"/>
        <line num="12" count="4" type="stmt"/>
        <line num="13" count="4" type="stmt"/>
        <line num="15" count="0" type="stmt"/>
        <line num="21" count="15" type="stmt"/>
        <line num="22" count="15" type="cond" truecount="1" falsecount="1"/>
        <line num="23" count="15" type="stmt"/>
        <line num="27" count="15" type="stmt"/>
        <line num="28" count="5" type="stmt"/>
        <line num="29" count="5" type="stmt"/>
        <line num="30" count="5" type="cond" truecount="2" falsecount="0"/>
        <line num="31" count="1" type="stmt"/>
        <line num="32" count="1" type="cond" truecount="1" falsecount="1"/>
        <line num="35" count="4" type="stmt"/>
        <line num="39" count="15" type="stmt"/>
        <line num="40" count="1" type="stmt"/>
        <line num="43" count="15" type="stmt"/>
        <line num="44" count="0" type="stmt"/>
        <line num="45" count="0" type="stmt"/>
        <line num="46" count="0" type="cond" truecount="0" falsecount="4"/>
        <line num="52" count="15" type="stmt"/>
        <line num="54" count="15" type="stmt"/>
        <line num="64" count="19" type="stmt"/>
      </file>
    </package>
  </project>
</coverage>
