{"/Users/ahsunallawahidi/bike-shop-webapp/src/components/BikeCard.jsx": {"path":"/Users/ahsunallawahidi/bike-shop-webapp/src/components/BikeCard.jsx","statementMap":{"0":{"start":{"line":4,"column":20},"end":{"line":4,"column":null}},"1":{"start":{"line":6,"column":19},"end":{"line":6,"column":null}},"2":{"start":{"line":7,"column":21},"end":{"line":7,"column":null}},"3":{"start":{"line":9,"column":4},"end":{"line":9,"column":null}},"4":{"start":{"line":11,"column":23},"end":{"line":11,"column":null}},"5":{"start":{"line":13,"column":2},"end":{"line":65,"column":null}},"6":{"start":{"line":15,"column":21},"end":{"line":15,"column":null}},"7":{"start":{"line":40,"column":10},"end":{"line":40,"column":null}},"8":{"start":{"line":41,"column":10},"end":{"line":41,"column":null}},"9":{"start":{"line":41,"column":29},"end":{"line":41,"column":null}}},"fnMap":{"0":{"name":"BikeCard","decl":{"start":{"line":3,"column":24},"end":{"line":3,"column":33}},"loc":{"start":{"line":3,"column":56},"end":{"line":67,"column":null}},"line":3},"1":{"name":"(anonymous_1)","decl":{"start":{"line":15,"column":15},"end":{"line":15,"column":21}},"loc":{"start":{"line":15,"column":21},"end":{"line":15,"column":null}},"line":15},"2":{"name":"(anonymous_2)","decl":{"start":{"line":39,"column":17},"end":{"line":39,"column":18}},"loc":{"start":{"line":39,"column":24},"end":{"line":42,"column":null}},"line":39}},"branchMap":{"0":{"loc":{"start":{"line":7,"column":21},"end":{"line":7,"column":null}},"type":"cond-expr","locations":[{"start":{"line":7,"column":32},"end":{"line":7,"column":47}},{"start":{"line":7,"column":47},"end":{"line":7,"column":null}}],"line":7},"1":{"loc":{"start":{"line":9,"column":4},"end":{"line":9,"column":null}},"type":"cond-expr","locations":[{"start":{"line":9,"column":22},"end":{"line":9,"column":39}},{"start":{"line":9,"column":39},"end":{"line":9,"column":null}}],"line":9},"2":{"loc":{"start":{"line":9,"column":39},"end":{"line":9,"column":null}},"type":"cond-expr","locations":[{"start":{"line":9,"column":50},"end":{"line":9,"column":64}},{"start":{"line":9,"column":64},"end":{"line":9,"column":null}}],"line":9},"3":{"loc":{"start":{"line":15,"column":21},"end":{"line":15,"column":null}},"type":"binary-expr","locations":[{"start":{"line":15,"column":21},"end":{"line":15,"column":36}},{"start":{"line":15,"column":36},"end":{"line":15,"column":null}}],"line":15},"4":{"loc":{"start":{"line":41,"column":10},"end":{"line":41,"column":null}},"type":"if","locations":[{"start":{"line":41,"column":10},"end":{"line":41,"column":null}},{"start":{},"end":{}}],"line":41},"5":{"loc":{"start":{"line":45,"column":10},"end":{"line":47,"column":null}},"type":"cond-expr","locations":[{"start":{"line":46,"column":14},"end":{"line":46,"column":null}},{"start":{"line":47,"column":14},"end":{"line":47,"column":null}}],"line":45},"6":{"loc":{"start":{"line":50,"column":9},"end":{"line":50,"column":null}},"type":"cond-expr","locations":[{"start":{"line":50,"column":24},"end":{"line":50,"column":41}},{"start":{"line":50,"column":41},"end":{"line":50,"column":null}}],"line":50},"7":{"loc":{"start":{"line":57,"column":11},"end":{"line":57,"column":null}},"type":"cond-expr","locations":[{"start":{"line":57,"column":28},"end":{"line":57,"column":62}},{"start":{"line":57,"column":62},"end":{"line":57,"column":null}}],"line":57}},"s":{"0":4,"1":4,"2":4,"3":4,"4":4,"5":4,"6":0,"7":1,"8":1,"9":1},"f":{"0":4,"1":0,"2":1},"b":{"0":[3,1],"1":[0,4],"2":[3,1],"3":[0,0],"4":[1,0],"5":[0,4],"6":[0,4],"7":[4,0]},"meta":{"lastBranch":8,"lastFunction":3,"lastStatement":10,"seen":{"f:3:24:3:33":0,"s:4:20:4:Infinity":0,"s:6:19:6:Infinity":1,"s:7:21:7:Infinity":2,"b:7:32:7:47:7:47:7:Infinity":0,"s:9:4:9:Infinity":3,"b:9:22:9:39:9:39:9:Infinity":1,"b:9:50:9:64:9:64:9:Infinity":2,"s:11:23:11:Infinity":4,"s:13:2:65:Infinity":5,"f:15:15:15:21":1,"s:15:21:15:Infinity":6,"b:15:21:15:36:15:36:15:Infinity":3,"f:39:17:39:18":2,"s:40:10:40:Infinity":7,"b:41:10:41:Infinity:undefined:undefined:undefined:undefined":4,"s:41:10:41:Infinity":8,"s:41:29:41:Infinity":9,"b:46:14:46:Infinity:47:14:47:Infinity":5,"b:50:24:50:41:50:41:50:Infinity":6,"b:57:28:57:62:57:62:57:Infinity":7}}}
,"/Users/ahsunallawahidi/bike-shop-webapp/src/components/Navbar.jsx": {"path":"/Users/ahsunallawahidi/bike-shop-webapp/src/components/Navbar.jsx","statementMap":{"0":{"start":{"line":8,"column":15},"end":{"line":8,"column":null}},"1":{"start":{"line":9,"column":20},"end":{"line":9,"column":null}},"2":{"start":{"line":9,"column":47},"end":{"line":9,"column":63}},"3":{"start":{"line":10,"column":8},"end":{"line":10,"column":null}},"4":{"start":{"line":12,"column":24},"end":{"line":12,"column":null}},"5":{"start":{"line":13,"column":28},"end":{"line":13,"column":null}},"6":{"start":{"line":14,"column":38},"end":{"line":14,"column":null}},"7":{"start":{"line":17,"column":2},"end":{"line":45,"column":null}},"8":{"start":{"line":18,"column":22},"end":{"line":42,"column":null}},"9":{"start":{"line":19,"column":6},"end":{"line":22,"column":null}},"10":{"start":{"line":20,"column":8},"end":{"line":20,"column":null}},"11":{"start":{"line":21,"column":8},"end":{"line":21,"column":null}},"12":{"start":{"line":25,"column":30},"end":{"line":28,"column":null}},"13":{"start":{"line":31,"column":30},"end":{"line":34,"column":null}},"14":{"start":{"line":36,"column":6},"end":{"line":39,"column":null}},"15":{"start":{"line":37,"column":37},"end":{"line":37,"column":60}},"16":{"start":{"line":38,"column":37},"end":{"line":38,"column":60}},"17":{"start":{"line":41,"column":6},"end":{"line":41,"column":null}},"18":{"start":{"line":44,"column":4},"end":{"line":44,"column":null}},"19":{"start":{"line":48,"column":2},"end":{"line":68,"column":null}},"20":{"start":{"line":49,"column":24},"end":{"line":53,"column":null}},"21":{"start":{"line":50,"column":6},"end":{"line":52,"column":null}},"22":{"start":{"line":51,"column":8},"end":{"line":51,"column":null}},"23":{"start":{"line":55,"column":22},"end":{"line":59,"column":null}},"24":{"start":{"line":56,"column":6},"end":{"line":58,"column":null}},"25":{"start":{"line":57,"column":8},"end":{"line":57,"column":null}},"26":{"start":{"line":61,"column":4},"end":{"line":61,"column":null}},"27":{"start":{"line":62,"column":4},"end":{"line":62,"column":null}},"28":{"start":{"line":64,"column":4},"end":{"line":67,"column":null}},"29":{"start":{"line":65,"column":6},"end":{"line":65,"column":null}},"30":{"start":{"line":66,"column":6},"end":{"line":66,"column":null}},"31":{"start":{"line":71,"column":23},"end":{"line":77,"column":null}},"32":{"start":{"line":72,"column":4},"end":{"line":72,"column":null}},"33":{"start":{"line":73,"column":4},"end":{"line":73,"column":null}},"34":{"start":{"line":75,"column":4},"end":{"line":76,"column":null}},"35":{"start":{"line":75,"column":30},"end":{"line":75,"column":null}},"36":{"start":{"line":76,"column":9},"end":{"line":76,"column":null}},"37":{"start":{"line":79,"column":2},"end":{"line":150,"column":null}},"38":{"start":{"line":99,"column":29},"end":{"line":99,"column":null}},"39":{"start":{"line":100,"column":31},"end":{"line":100,"column":null}},"40":{"start":{"line":114,"column":18},"end":{"line":131,"column":null}},"41":{"start":{"line":116,"column":35},"end":{"line":116,"column":null}}},"fnMap":{"0":{"name":"Navbar","decl":{"start":{"line":7,"column":24},"end":{"line":7,"column":33}},"loc":{"start":{"line":7,"column":33},"end":{"line":152,"column":null}},"line":7},"1":{"name":"(anonymous_1)","decl":{"start":{"line":9,"column":32},"end":{"line":9,"column":33}},"loc":{"start":{"line":9,"column":47},"end":{"line":9,"column":63}},"line":9},"2":{"name":"(anonymous_2)","decl":{"start":{"line":17,"column":12},"end":{"line":17,"column":18}},"loc":{"start":{"line":17,"column":18},"end":{"line":45,"column":5}},"line":17},"3":{"name":"(anonymous_3)","decl":{"start":{"line":18,"column":22},"end":{"line":18,"column":34}},"loc":{"start":{"line":18,"column":34},"end":{"line":42,"column":null}},"line":18},"4":{"name":"(anonymous_4)","decl":{"start":{"line":37,"column":29},"end":{"line":37,"column":30}},"loc":{"start":{"line":37,"column":37},"end":{"line":37,"column":60}},"line":37},"5":{"name":"(anonymous_5)","decl":{"start":{"line":38,"column":29},"end":{"line":38,"column":30}},"loc":{"start":{"line":38,"column":37},"end":{"line":38,"column":60}},"line":38},"6":{"name":"(anonymous_6)","decl":{"start":{"line":48,"column":12},"end":{"line":48,"column":18}},"loc":{"start":{"line":48,"column":18},"end":{"line":68,"column":5}},"line":48},"7":{"name":"(anonymous_7)","decl":{"start":{"line":49,"column":24},"end":{"line":49,"column":25}},"loc":{"start":{"line":49,"column":31},"end":{"line":53,"column":null}},"line":49},"8":{"name":"(anonymous_8)","decl":{"start":{"line":55,"column":22},"end":{"line":55,"column":23}},"loc":{"start":{"line":55,"column":29},"end":{"line":59,"column":null}},"line":55},"9":{"name":"(anonymous_9)","decl":{"start":{"line":64,"column":11},"end":{"line":64,"column":17}},"loc":{"start":{"line":64,"column":17},"end":{"line":67,"column":null}},"line":64},"10":{"name":"(anonymous_10)","decl":{"start":{"line":71,"column":23},"end":{"line":71,"column":24}},"loc":{"start":{"line":71,"column":33},"end":{"line":77,"column":null}},"line":71},"11":{"name":"(anonymous_11)","decl":{"start":{"line":99,"column":23},"end":{"line":99,"column":29}},"loc":{"start":{"line":99,"column":29},"end":{"line":99,"column":null}},"line":99},"12":{"name":"(anonymous_12)","decl":{"start":{"line":100,"column":24},"end":{"line":100,"column":25}},"loc":{"start":{"line":100,"column":31},"end":{"line":100,"column":null}},"line":100},"13":{"name":"(anonymous_13)","decl":{"start":{"line":113,"column":29},"end":{"line":113,"column":30}},"loc":{"start":{"line":114,"column":18},"end":{"line":131,"column":null}},"line":114},"14":{"name":"(anonymous_14)","decl":{"start":{"line":116,"column":29},"end":{"line":116,"column":35}},"loc":{"start":{"line":116,"column":35},"end":{"line":116,"column":null}},"line":116}},"branchMap":{"0":{"loc":{"start":{"line":19,"column":6},"end":{"line":22,"column":null}},"type":"if","locations":[{"start":{"line":19,"column":6},"end":{"line":22,"column":null}},{"start":{},"end":{}}],"line":19},"1":{"loc":{"start":{"line":37,"column":12},"end":{"line":37,"column":25}},"type":"binary-expr","locations":[{"start":{"line":37,"column":12},"end":{"line":37,"column":21}},{"start":{"line":37,"column":21},"end":{"line":37,"column":25}}],"line":37},"2":{"loc":{"start":{"line":38,"column":12},"end":{"line":38,"column":25}},"type":"binary-expr","locations":[{"start":{"line":38,"column":12},"end":{"line":38,"column":21}},{"start":{"line":38,"column":21},"end":{"line":38,"column":25}}],"line":38},"3":{"loc":{"start":{"line":50,"column":6},"end":{"line":52,"column":null}},"type":"if","locations":[{"start":{"line":50,"column":6},"end":{"line":52,"column":null}},{"start":{},"end":{}}],"line":50},"4":{"loc":{"start":{"line":56,"column":6},"end":{"line":58,"column":null}},"type":"if","locations":[{"start":{"line":56,"column":6},"end":{"line":58,"column":null}},{"start":{},"end":{}}],"line":56},"5":{"loc":{"start":{"line":75,"column":4},"end":{"line":76,"column":null}},"type":"if","locations":[{"start":{"line":75,"column":4},"end":{"line":76,"column":null}},{"start":{"line":76,"column":9},"end":{"line":76,"column":null}}],"line":75},"6":{"loc":{"start":{"line":111,"column":13},"end":{"line":133,"column":null}},"type":"binary-expr","locations":[{"start":{"line":111,"column":13},"end":{"line":111,"column":29}},{"start":{"line":111,"column":29},"end":{"line":111,"column":null}},{"start":{"line":112,"column":14},"end":{"line":133,"column":null}}],"line":111},"7":{"loc":{"start":{"line":127,"column":25},"end":{"line":127,"column":64}},"type":"cond-expr","locations":[{"start":{"line":127,"column":48},"end":{"line":127,"column":57}},{"start":{"line":127,"column":57},"end":{"line":127,"column":64}}],"line":127},"8":{"loc":{"start":{"line":141,"column":13},"end":{"line":144,"column":null}},"type":"binary-expr","locations":[{"start":{"line":141,"column":13},"end":{"line":141,"column":null}},{"start":{"line":142,"column":14},"end":{"line":144,"column":null}}],"line":141}},"s":{"0":7,"1":7,"2":0,"3":7,"4":7,"5":7,"6":7,"7":7,"8":4,"9":4,"10":2,"11":2,"12":2,"13":2,"14":2,"15":6,"16":6,"17":4,"18":4,"19":7,"20":2,"21":0,"22":0,"23":2,"24":0,"25":0,"26":2,"27":2,"28":2,"29":2,"30":2,"31":7,"32":0,"33":0,"34":0,"35":0,"36":0,"37":7,"38":0,"39":2,"40":6,"41":0},"f":{"0":7,"1":0,"2":4,"3":4,"4":6,"5":6,"6":2,"7":0,"8":0,"9":2,"10":0,"11":0,"12":2,"13":6,"14":0},"b":{"0":[2,2],"1":[2,0],"2":[4,0],"3":[0,0],"4":[0,0],"5":[0,0],"6":[7,1,1],"7":[3,3],"8":[7,0]},"meta":{"lastBranch":9,"lastFunction":15,"lastStatement":42,"seen":{"f:7:24:7:33":0,"s:8:15:8:Infinity":0,"s:9:20:9:Infinity":1,"f:9:32:9:33":1,"s:9:47:9:63":2,"s:10:8:10:Infinity":3,"s:12:24:12:Infinity":4,"s:13:28:13:Infinity":5,"s:14:38:14:Infinity":6,"s:17:2:45:Infinity":7,"f:17:12:17:18":2,"s:18:22:42:Infinity":8,"f:18:22:18:34":3,"b:19:6:22:Infinity:undefined:undefined:undefined:undefined":0,"s:19:6:22:Infinity":9,"s:20:8:20:Infinity":10,"s:21:8:21:Infinity":11,"s:25:30:28:Infinity":12,"s:31:30:34:Infinity":13,"s:36:6:39:Infinity":14,"b:37:12:37:21:37:21:37:25":1,"f:37:29:37:30":4,"s:37:37:37:60":15,"b:38:12:38:21:38:21:38:25":2,"f:38:29:38:30":5,"s:38:37:38:60":16,"s:41:6:41:Infinity":17,"s:44:4:44:Infinity":18,"s:48:2:68:Infinity":19,"f:48:12:48:18":6,"s:49:24:53:Infinity":20,"f:49:24:49:25":7,"b:50:6:52:Infinity:undefined:undefined:undefined:undefined":3,"s:50:6:52:Infinity":21,"s:51:8:51:Infinity":22,"s:55:22:59:Infinity":23,"f:55:22:55:23":8,"b:56:6:58:Infinity:undefined:undefined:undefined:undefined":4,"s:56:6:58:Infinity":24,"s:57:8:57:Infinity":25,"s:61:4:61:Infinity":26,"s:62:4:62:Infinity":27,"s:64:4:67:Infinity":28,"f:64:11:64:17":9,"s:65:6:65:Infinity":29,"s:66:6:66:Infinity":30,"s:71:23:77:Infinity":31,"f:71:23:71:24":10,"s:72:4:72:Infinity":32,"s:73:4:73:Infinity":33,"b:75:4:76:Infinity:76:9:76:Infinity":5,"s:75:4:76:Infinity":34,"s:75:30:75:Infinity":35,"s:76:9:76:Infinity":36,"s:79:2:150:Infinity":37,"f:99:23:99:29":11,"s:99:29:99:Infinity":38,"f:100:24:100:25":12,"s:100:31:100:Infinity":39,"b:111:13:111:29:111:29:111:Infinity:112:14:133:Infinity":6,"f:113:29:113:30":13,"s:114:18:131:Infinity":40,"f:116:29:116:35":14,"s:116:35:116:Infinity":41,"b:127:48:127:57:127:57:127:64":7,"b:141:13:141:Infinity:142:14:144:Infinity":8}}}
,"/Users/ahsunallawahidi/bike-shop-webapp/src/context/CartContext.jsx": {"path":"/Users/ahsunallawahidi/bike-shop-webapp/src/context/CartContext.jsx","statementMap":{"0":{"start":{"line":3,"column":6},"end":{"line":3,"column":null}},"1":{"start":{"line":6,"column":22},"end":{"line":6,"column":null}},"2":{"start":{"line":8,"column":2},"end":{"line":19,"column":null}},"3":{"start":{"line":9,"column":4},"end":{"line":18,"column":null}},"4":{"start":{"line":10,"column":24},"end":{"line":10,"column":null}},"5":{"start":{"line":11,"column":6},"end":{"line":17,"column":null}},"6":{"start":{"line":12,"column":8},"end":{"line":16,"column":null}},"7":{"start":{"line":13,"column":10},"end":{"line":13,"column":null}},"8":{"start":{"line":15,"column":10},"end":{"line":15,"column":null}},"9":{"start":{"line":21,"column":2},"end":{"line":25,"column":null}},"10":{"start":{"line":22,"column":4},"end":{"line":24,"column":null}},"11":{"start":{"line":23,"column":6},"end":{"line":23,"column":null}},"12":{"start":{"line":27,"column":20},"end":{"line":37,"column":null}},"13":{"start":{"line":28,"column":4},"end":{"line":36,"column":null}},"14":{"start":{"line":29,"column":23},"end":{"line":29,"column":null}},"15":{"start":{"line":29,"column":43},"end":{"line":29,"column":62}},"16":{"start":{"line":30,"column":6},"end":{"line":34,"column":null}},"17":{"start":{"line":31,"column":8},"end":{"line":33,"column":null}},"18":{"start":{"line":32,"column":10},"end":{"line":32,"column":null}},"19":{"start":{"line":35,"column":6},"end":{"line":35,"column":null}},"20":{"start":{"line":39,"column":25},"end":{"line":41,"column":null}},"21":{"start":{"line":40,"column":4},"end":{"line":40,"column":null}},"22":{"start":{"line":40,"column":22},"end":{"line":40,"column":59}},"23":{"start":{"line":40,"column":44},"end":{"line":40,"column":58}},"24":{"start":{"line":43,"column":20},"end":{"line":49,"column":null}},"25":{"start":{"line":44,"column":4},"end":{"line":48,"column":null}},"26":{"start":{"line":45,"column":6},"end":{"line":47,"column":null}},"27":{"start":{"line":46,"column":8},"end":{"line":46,"column":null}},"28":{"start":{"line":52,"column":20},"end":{"line":52,"column":null}},"29":{"start":{"line":52,"column":26},"end":{"line":52,"column":null}},"30":{"start":{"line":54,"column":2},"end":{"line":59,"column":null}},"31":{"start":{"line":64,"column":2},"end":{"line":64,"column":null}}},"fnMap":{"0":{"name":"CartProvider","decl":{"start":{"line":5,"column":16},"end":{"line":5,"column":29}},"loc":{"start":{"line":5,"column":43},"end":{"line":61,"column":null}},"line":5},"1":{"name":"(anonymous_1)","decl":{"start":{"line":8,"column":12},"end":{"line":8,"column":18}},"loc":{"start":{"line":8,"column":18},"end":{"line":19,"column":5}},"line":8},"2":{"name":"(anonymous_2)","decl":{"start":{"line":21,"column":12},"end":{"line":21,"column":18}},"loc":{"start":{"line":21,"column":18},"end":{"line":25,"column":5}},"line":21},"3":{"name":"(anonymous_3)","decl":{"start":{"line":27,"column":20},"end":{"line":27,"column":21}},"loc":{"start":{"line":27,"column":30},"end":{"line":37,"column":null}},"line":27},"4":{"name":"(anonymous_4)","decl":{"start":{"line":28,"column":12},"end":{"line":28,"column":13}},"loc":{"start":{"line":28,"column":22},"end":{"line":36,"column":5}},"line":28},"5":{"name":"(anonymous_5)","decl":{"start":{"line":29,"column":33},"end":{"line":29,"column":34}},"loc":{"start":{"line":29,"column":43},"end":{"line":29,"column":62}},"line":29},"6":{"name":"(anonymous_6)","decl":{"start":{"line":31,"column":24},"end":{"line":31,"column":25}},"loc":{"start":{"line":32,"column":10},"end":{"line":32,"column":null}},"line":32},"7":{"name":"(anonymous_7)","decl":{"start":{"line":39,"column":25},"end":{"line":39,"column":26}},"loc":{"start":{"line":39,"column":33},"end":{"line":41,"column":null}},"line":39},"8":{"name":"(anonymous_8)","decl":{"start":{"line":40,"column":12},"end":{"line":40,"column":13}},"loc":{"start":{"line":40,"column":22},"end":{"line":40,"column":59}},"line":40},"9":{"name":"(anonymous_9)","decl":{"start":{"line":40,"column":34},"end":{"line":40,"column":35}},"loc":{"start":{"line":40,"column":44},"end":{"line":40,"column":58}},"line":40},"10":{"name":"(anonymous_10)","decl":{"start":{"line":43,"column":20},"end":{"line":43,"column":21}},"loc":{"start":{"line":43,"column":33},"end":{"line":49,"column":null}},"line":43},"11":{"name":"(anonymous_11)","decl":{"start":{"line":44,"column":12},"end":{"line":44,"column":13}},"loc":{"start":{"line":45,"column":6},"end":{"line":47,"column":null}},"line":45},"12":{"name":"(anonymous_12)","decl":{"start":{"line":45,"column":15},"end":{"line":45,"column":16}},"loc":{"start":{"line":46,"column":8},"end":{"line":46,"column":null}},"line":46},"13":{"name":"(anonymous_13)","decl":{"start":{"line":52,"column":20},"end":{"line":52,"column":26}},"loc":{"start":{"line":52,"column":26},"end":{"line":52,"column":null}},"line":52},"14":{"name":"useCart","decl":{"start":{"line":63,"column":16},"end":{"line":63,"column":26}},"loc":{"start":{"line":63,"column":26},"end":{"line":65,"column":null}},"line":63}},"branchMap":{"0":{"loc":{"start":{"line":9,"column":4},"end":{"line":18,"column":null}},"type":"if","locations":[{"start":{"line":9,"column":4},"end":{"line":18,"column":null}},{"start":{},"end":{}}],"line":9},"1":{"loc":{"start":{"line":11,"column":6},"end":{"line":17,"column":null}},"type":"if","locations":[{"start":{"line":11,"column":6},"end":{"line":17,"column":null}},{"start":{},"end":{}}],"line":11},"2":{"loc":{"start":{"line":22,"column":4},"end":{"line":24,"column":null}},"type":"if","locations":[{"start":{"line":22,"column":4},"end":{"line":24,"column":null}},{"start":{},"end":{}}],"line":22},"3":{"loc":{"start":{"line":30,"column":6},"end":{"line":34,"column":null}},"type":"if","locations":[{"start":{"line":30,"column":6},"end":{"line":34,"column":null}},{"start":{},"end":{}}],"line":30},"4":{"loc":{"start":{"line":32,"column":10},"end":{"line":32,"column":null}},"type":"cond-expr","locations":[{"start":{"line":32,"column":32},"end":{"line":32,"column":65}},{"start":{"line":32,"column":65},"end":{"line":32,"column":null}}],"line":32},"5":{"loc":{"start":{"line":46,"column":8},"end":{"line":46,"column":null}},"type":"cond-expr","locations":[{"start":{"line":46,"column":25},"end":{"line":46,"column":63}},{"start":{"line":46,"column":63},"end":{"line":46,"column":null}}],"line":46},"6":{"loc":{"start":{"line":46,"column":41},"end":{"line":46,"column":59}},"type":"cond-expr","locations":[{"start":{"line":46,"column":51},"end":{"line":46,"column":55}},{"start":{"line":46,"column":55},"end":{"line":46,"column":59}}],"line":46}},"s":{"0":3,"1":15,"2":15,"3":7,"4":7,"5":7,"6":4,"7":4,"8":0,"9":15,"10":15,"11":15,"12":15,"13":5,"14":5,"15":2,"16":5,"17":1,"18":1,"19":4,"20":15,"21":1,"22":1,"23":1,"24":15,"25":0,"26":0,"27":0,"28":15,"29":1,"30":15,"31":19},"f":{"0":15,"1":7,"2":15,"3":5,"4":5,"5":2,"6":1,"7":1,"8":1,"9":1,"10":0,"11":0,"12":0,"13":1,"14":19},"b":{"0":[7,0],"1":[4,3],"2":[15,0],"3":[1,4],"4":[1,0],"5":[0,0],"6":[0,0]},"meta":{"lastBranch":7,"lastFunction":15,"lastStatement":32,"seen":{"s:3:6:3:Infinity":0,"f:5:16:5:29":0,"s:6:22:6:Infinity":1,"s:8:2:19:Infinity":2,"f:8:12:8:18":1,"b:9:4:18:Infinity:undefined:undefined:undefined:undefined":0,"s:9:4:18:Infinity":3,"s:10:24:10:Infinity":4,"b:11:6:17:Infinity:undefined:undefined:undefined:undefined":1,"s:11:6:17:Infinity":5,"s:12:8:16:Infinity":6,"s:13:10:13:Infinity":7,"s:15:10:15:Infinity":8,"s:21:2:25:Infinity":9,"f:21:12:21:18":2,"b:22:4:24:Infinity:undefined:undefined:undefined:undefined":2,"s:22:4:24:Infinity":10,"s:23:6:23:Infinity":11,"s:27:20:37:Infinity":12,"f:27:20:27:21":3,"s:28:4:36:Infinity":13,"f:28:12:28:13":4,"s:29:23:29:Infinity":14,"f:29:33:29:34":5,"s:29:43:29:62":15,"b:30:6:34:Infinity:undefined:undefined:undefined:undefined":3,"s:30:6:34:Infinity":16,"s:31:8:33:Infinity":17,"f:31:24:31:25":6,"s:32:10:32:Infinity":18,"b:32:32:32:65:32:65:32:Infinity":4,"s:35:6:35:Infinity":19,"s:39:25:41:Infinity":20,"f:39:25:39:26":7,"s:40:4:40:Infinity":21,"f:40:12:40:13":8,"s:40:22:40:59":22,"f:40:34:40:35":9,"s:40:44:40:58":23,"s:43:20:49:Infinity":24,"f:43:20:43:21":10,"s:44:4:48:Infinity":25,"f:44:12:44:13":11,"s:45:6:47:Infinity":26,"f:45:15:45:16":12,"s:46:8:46:Infinity":27,"b:46:25:46:63:46:63:46:Infinity":5,"b:46:51:46:55:46:55:46:59":6,"s:52:20:52:Infinity":28,"f:52:20:52:26":13,"s:52:26:52:Infinity":29,"s:54:2:59:Infinity":30,"f:63:16:63:26":14,"s:64:2:64:Infinity":31}}}
}
